[debug] [2022-11-20T06:11:09.713Z] ----------------------------------------------------------------------
[debug] [2022-11-20T06:11:09.715Z] Command:       C:\Program Files\nodejs\node.exe C:\Users\ThinkPad\AppData\Roaming\npm\node_modules\firebase-tools\lib\bin\firebase.js init
[debug] [2022-11-20T06:11:09.715Z] CLI Version:   11.16.1
[debug] [2022-11-20T06:11:09.715Z] Platform:      win32
[debug] [2022-11-20T06:11:09.716Z] Node Version:  v16.14.2
[debug] [2022-11-20T06:11:09.717Z] Time:          Sun Nov 20 2022 15:11:09 GMT+0900 (대한민국 표준시)
[debug] [2022-11-20T06:11:09.717Z] ----------------------------------------------------------------------
[debug] 
[debug] [2022-11-20T06:11:09.726Z] > command requires scopes: ["email","openid","https://www.googleapis.com/auth/cloudplatformprojects.readonly","https://www.googleapis.com/auth/firebase","https://www.googleapis.com/auth/cloud-platform"]
[debug] [2022-11-20T06:11:09.727Z] > authorizing via signed-in user (system.delegate@gmail.com)
[info] 
     ######## #### ########  ######## ########     ###     ######  ########
     ##        ##  ##     ## ##       ##     ##  ##   ##  ##       ##
     ######    ##  ########  ######   ########  #########  ######  ######
     ##        ##  ##    ##  ##       ##     ## ##     ##       ## ##
     ##       #### ##     ## ######## ########  ##     ##  ######  ########

You're about to initialize a Firebase project in this directory:

  C:\Users\ThinkPad\Downloads\workspace\netflix-clone

[debug] [2022-11-20T06:14:13.331Z] ----------------------------------------------------------------------
[debug] [2022-11-20T06:14:13.333Z] Command:       C:\Program Files\nodejs\node.exe C:\Users\ThinkPad\AppData\Roaming\npm\node_modules\firebase-tools\lib\bin\firebase.js init hosting
[debug] [2022-11-20T06:14:13.333Z] CLI Version:   11.16.1
[debug] [2022-11-20T06:14:13.333Z] Platform:      win32
[debug] [2022-11-20T06:14:13.333Z] Node Version:  v16.14.2
[debug] [2022-11-20T06:14:13.334Z] Time:          Sun Nov 20 2022 15:14:13 GMT+0900 (대한민국 표준시)
[debug] [2022-11-20T06:14:13.335Z] ----------------------------------------------------------------------
[debug] 
[debug] [2022-11-20T06:14:13.343Z] > command requires scopes: ["email","openid","https://www.googleapis.com/auth/cloudplatformprojects.readonly","https://www.googleapis.com/auth/firebase","https://www.googleapis.com/auth/cloud-platform"]
[debug] [2022-11-20T06:14:13.344Z] > authorizing via signed-in user (system.delegate@gmail.com)
[info] 
     ######## #### ########  ######## ########     ###     ######  ########
     ##        ##  ##     ## ##       ##     ##  ##   ##  ##       ##
     ######    ##  ########  ######   ########  #########  ######  ######
     ##        ##  ##    ##  ##       ##     ## ##     ##       ## ##
     ##       #### ##     ## ######## ########  ##     ##  ######  ########

You're about to initialize a Firebase project in this directory:

  C:\Users\ThinkPad\Downloads\workspace\netflix-clone

[info] 
=== Project Setup
[info] 
[info] First, let's associate this project directory with a Firebase project.
[info] You can create multiple project aliases by running firebase use --add, 
[info] but for now we'll just set up a default project.
[info] 
[debug] [2022-11-20T06:14:23.182Z] >>> [apiv2][query] GET https://firebase.googleapis.com/v1beta1/projects pageSize=100
[debug] [2022-11-20T06:14:23.934Z] <<< [apiv2][status] GET https://firebase.googleapis.com/v1beta1/projects 200
[debug] [2022-11-20T06:14:23.934Z] <<< [apiv2][body] GET https://firebase.googleapis.com/v1beta1/projects [omitted]
[info] i  Using project netflix-clone-c372b (netflix-clone) 
[info] 
=== Hosting Setup
[info] 
[info] Your public directory is the folder (relative to your project directory) that
[info] will contain Hosting assets to be uploaded with firebase deploy. If you
[info] have a build process for your assets, use your build's output directory.
[info] 
[debug] [2022-11-20T06:16:09.743Z] >>> [apiv2][query] GET https://www.gstatic.com/firebasejs/releases.json [none]
[debug] [2022-11-20T06:16:09.962Z] <<< [apiv2][status] GET https://www.gstatic.com/firebasejs/releases.json 200
[debug] [2022-11-20T06:16:09.962Z] <<< [apiv2][body] GET https://www.gstatic.com/firebasejs/releases.json {"current":{"version":"9.14.0","browserURL":"https://www.gstatic.com/firebasejs/9.14.0/firebase.js","packageURL":"https://www.gstatic.com/firebasejs/9.14.0/firebase.tgz"},"live":{"version":"9.14","browserURL":"https://www.gstatic.com/firebasejs/live/9.14/firebase.js","packageURL":"https://www.gstatic.com/firebasejs/live/9.14/firebase.tgz"},"components":{"analytics":"https://www.gstatic.com/firebasejs/9.14.0/firebase-analytics.js","app":"https://www.gstatic.com/firebasejs/9.14.0/firebase-app.js","app-check":"https://www.gstatic.com/firebasejs/9.14.0/firebase-app-check.js","auth":"https://www.gstatic.com/firebasejs/9.14.0/firebase-auth.js","auth/cordova":"https://www.gstatic.com/firebasejs/9.14.0/firebase-auth/cordova.js","auth/react-native":"https://www.gstatic.com/firebasejs/9.14.0/firebase-auth/react-native.js","functions":"https://www.gstatic.com/firebasejs/9.14.0/firebase-functions.js","firestore":"https://www.gstatic.com/firebasejs/9.14.0/firebase-firestore.js","firestore/lite":"https://www.gstatic.com/firebasejs/9.14.0/firebase-firestore/lite.js","installations":"https://www.gstatic.com/firebasejs/9.14.0/firebase-installations.js","storage":"https://www.gstatic.com/firebasejs/9.14.0/firebase-storage.js","performance":"https://www.gstatic.com/firebasejs/9.14.0/firebase-performance.js","remote-config":"https://www.gstatic.com/firebasejs/9.14.0/firebase-remote-config.js","messaging":"https://www.gstatic.com/firebasejs/9.14.0/firebase-messaging.js","messaging/sw":"https://www.gstatic.com/firebasejs/9.14.0/firebase-messaging/sw.js","database":"https://www.gstatic.com/firebasejs/9.14.0/firebase-database.js","firestore.memory":"https://www.gstatic.com/firebasejs/9.14.0/firebase-firestore.memory.js"}}
[info] +  Wrote build/index.html 
[info] 
[info] i  Detected a .git folder at C:\Users\ThinkPad\Downloads\workspace\netflix-clone 
[info] i  Authorizing with GitHub to upload your service account to a GitHub repository's secrets store. 
[info] 
[info] Visit this URL on this device to log in:
[info] https://github.com/login/oauth/authorize?client_id=89cf50f02ac6aaed3484&state=191665738&redirect_uri=http%3A%2F%2Flocalhost%3A9005&scope=read%3Auser%20repo%20public_repo
[info] 
[info] Waiting for authentication...
[debug] [2022-11-20T06:16:21.607Z] >>> [apiv2][query] POST https://github.com/login/oauth/access_token [none]
[debug] [2022-11-20T06:16:21.608Z] >>> [apiv2][body] POST https://github.com/login/oauth/access_token [stream]
[debug] [2022-11-20T06:16:21.986Z] <<< [apiv2][status] POST https://github.com/login/oauth/access_token 200
[debug] [2022-11-20T06:16:21.986Z] <<< [apiv2][body] POST https://github.com/login/oauth/access_token {"access_token":"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","token_type":"bearer","scope":"read:user,repo"}
[debug] [2022-11-20T06:16:21.992Z] >>> [apiv2][query] GET https://api.github.com/user [none]
[debug] [2022-11-20T06:16:22.335Z] <<< [apiv2][status] GET https://api.github.com/user 200
[debug] [2022-11-20T06:16:22.335Z] <<< [apiv2][body] GET https://api.github.com/user {"login":"sysdel","id":78815969,"node_id":"MDQ6VXNlcjc4ODE1OTY5","avatar_url":"https://avatars.githubusercontent.com/u/78815969?v=4","gravatar_id":"","url":"https://api.github.com/users/sysdel","html_url":"https://github.com/sysdel","followers_url":"https://api.github.com/users/sysdel/followers","following_url":"https://api.github.com/users/sysdel/following{/other_user}","gists_url":"https://api.github.com/users/sysdel/gists{/gist_id}","starred_url":"https://api.github.com/users/sysdel/starred{/owner}{/repo}","subscriptions_url":"https://api.github.com/users/sysdel/subscriptions","organizations_url":"https://api.github.com/users/sysdel/orgs","repos_url":"https://api.github.com/users/sysdel/repos","events_url":"https://api.github.com/users/sysdel/events{/privacy}","received_events_url":"https://api.github.com/users/sysdel/received_events","type":"User","site_admin":false,"name":null,"company":null,"blog":"","location":null,"email":null,"hireable":null,"bio":null,"twitter_username":null,"public_repos":2,"public_gists":0,"followers":0,"following":0,"created_at":"2021-02-09T17:44:09Z","updated_at":"2022-01-21T15:16:25Z","private_gists":0,"total_private_repos":0,"owned_private_repos":0,"disk_usage":0,"collaborators":0,"two_factor_authentication":false,"plan":{"name":"free","space":976562499,"collaborators":0,"private_repos":10000}}
[info] 
[info] +  Success! Logged into GitHub as sysdel 
[info] 
[debug] [2022-11-20T06:17:10.449Z] >>> [apiv2][query] GET https://api.github.com/repos/sysdel/netflix-clone/actions/secrets/public-key type=owner
[debug] [2022-11-20T06:17:10.741Z] <<< [apiv2][status] GET https://api.github.com/repos/sysdel/netflix-clone/actions/secrets/public-key 404
[debug] [2022-11-20T06:17:10.741Z] <<< [apiv2][body] GET https://api.github.com/repos/sysdel/netflix-clone/actions/secrets/public-key {"message":"Not Found","documentation_url":"https://docs.github.com/rest/reference/actions#get-a-repository-public-key"}
[debug] [2022-11-20T06:17:19.107Z] >>> [apiv2][query] GET https://api.github.com/repos/sysdel/netflix-clone/actions/secrets/public-key type=owner
[debug] [2022-11-20T06:17:19.371Z] <<< [apiv2][status] GET https://api.github.com/repos/sysdel/netflix-clone/actions/secrets/public-key 404
[debug] [2022-11-20T06:17:19.371Z] <<< [apiv2][body] GET https://api.github.com/repos/sysdel/netflix-clone/actions/secrets/public-key {"message":"Not Found","documentation_url":"https://docs.github.com/rest/reference/actions#get-a-repository-public-key"}
[debug] [2022-11-20T06:17:19.767Z] >>> [apiv2][query] GET https://api.github.com/repos/sysdel/netflix-clone/actions/secrets/public-key type=owner
[debug] [2022-11-20T06:17:20.037Z] <<< [apiv2][status] GET https://api.github.com/repos/sysdel/netflix-clone/actions/secrets/public-key 404
[debug] [2022-11-20T06:17:20.037Z] <<< [apiv2][body] GET https://api.github.com/repos/sysdel/netflix-clone/actions/secrets/public-key {"message":"Not Found","documentation_url":"https://docs.github.com/rest/reference/actions#get-a-repository-public-key"}
